This is pdfTeX, Version 3.1415926-2.5-1.40.14 (TeX Live 2013/Debian) (format=pdflatex 2015.6.20)  26 AUG 2015 09:25
entering extended mode
 \write18 enabled.
 %&-line parsing enabled.
**notebook.tex
(./notebook.tex
LaTeX2e <2011/06/27>
Babel <3.9h> and hyphenation patterns for 2 languages loaded.
(/home/gsehrlich/texmf/tex/latex/labbook/labbook.cls
Document Class: labbook 2003/05/20 v1.1 LaTeX2e labbook document class
(/home/gsehrlich/texmf/tex/latex/koma-script/scrbook.cls
Document Class: scrbook 2015/05/06 v3.17a KOMA-Script document class (book)
(/home/gsehrlich/texmf/tex/latex/koma-script/scrkbase.sty
Package: scrkbase 2015/05/06 v3.17a KOMA-Script package (KOMA-Script-dependent 
basics and keyval usage)

(/home/gsehrlich/texmf/tex/latex/koma-script/scrbase.sty
Package: scrbase 2015/05/06 v3.17a KOMA-Script package (KOMA-Script-independent
 basics and keyval usage)

(/usr/share/texlive/texmf-dist/tex/latex/graphics/keyval.sty
Package: keyval 1999/03/16 v1.13 key=value parser (DPC)
\KV@toks@=\toks14
)
(/home/gsehrlich/texmf/tex/latex/koma-script/scrlfile.sty
Package: scrlfile 2015/05/06 v3.17a KOMA-Script package (loading files)

Package scrlfile, 2015/05/06 v3.17a KOMA-Script package (loading files)
                  Copyright (C) Markus Kohm

))) (/home/gsehrlich/texmf/tex/latex/koma-script/tocbasic.sty
Package: tocbasic 2015/05/06 v3.17a KOMA-Script package (handling toc-files)
)
Package tocbasic Info: omitting babel extension for `toc'
(tocbasic)             because of feature `nobabel' available
(tocbasic)             for `toc' on input line 124.
Package tocbasic Info: omitting babel extension for `lof'
(tocbasic)             because of feature `nobabel' available
(tocbasic)             for `lof' on input line 125.
Package tocbasic Info: omitting babel extension for `lot'
(tocbasic)             because of feature `nobabel' available
(tocbasic)             for `lot' on input line 126.
Package tocbasic Info: defining new hook before heading of `' on input line 154
8.
Package scrbook Info: You've used standard option `11pt'.
(scrbook)             This is correct!
(scrbook)             Internally I'm using `fontsize=11pt'.
(scrbook)             If you'd like to set the option with \KOMAoptions,
(scrbook)             you'd have to use `fontsize=11pt' there
(scrbook)             instead of `11pt', too.
Class scrbook Info: File `scrsize11pt.clo' used to setup font sizes on input li
ne 2152.

(/home/gsehrlich/texmf/tex/latex/koma-script/scrsize11pt.clo
File: scrsize11pt.clo 2015/05/06 v3.17a KOMA-Script font size class option (11p
t)
)
(/home/gsehrlich/texmf/tex/latex/koma-script/typearea.sty
Package: typearea 2015/05/06 v3.17a KOMA-Script package (type area)

Package typearea, 2015/05/06 v3.17a KOMA-Script package (type area)
                  Copyright (C) Frank Neukam, 1992-1994
                  Copyright (C) Markus Kohm, 1994-

\ta@bcor=\skip41
\ta@div=\count79
\ta@hblk=\skip42
\ta@vblk=\skip43
\ta@temp=\skip44
\footheight=\skip45
Package typearea Info: These are the values describing the layout:
(typearea)             DIV  = 10
(typearea)             BCOR = 0.0pt
(typearea)             \paperwidth      = 597.50793pt
(typearea)              \textwidth      = 418.25555pt
(typearea)              DIV departure   = -6%
(typearea)              \evensidemargin = 47.2316pt
(typearea)              \oddsidemargin  = -12.5192pt
(typearea)             \paperheight     = 845.04694pt
(typearea)              \textheight     = 595.80026pt
(typearea)              \topmargin      = -25.16531pt
(typearea)              \headheight     = 17.0pt
(typearea)              \headsep        = 20.40001pt
(typearea)              \topskip        = 11.0pt
(typearea)              \footskip       = 47.6pt
(typearea)              \baselineskip   = 13.6pt
(typearea)              on input line 1485.
)
\c@part=\count80
\c@chapter=\count81
\c@section=\count82
\c@subsection=\count83
\c@subsubsection=\count84
\c@paragraph=\count85
\c@subparagraph=\count86
\abovecaptionskip=\skip46
\belowcaptionskip=\skip47
\c@pti@nb@sid@b@x=\box26
\c@figure=\count87
\c@table=\count88
\bibindent=\dimen102
) (/usr/share/texlive/texmf-dist/tex/latex/base/makeidx.sty
Package: makeidx 2000/03/29 v1.0m Standard LaTeX package
)
\@indexfile=\write3
\openout3 = `notebook.idx'.


Writing index file notebook.idx
\FK@toks@=\toks15
\c@fk@commasep@argnumber=\count89
\c@fk@atdashsep@argnumber=\count90
\c@labday=\count91
\c@experiment=\count92
\c@subexperiment=\count93
) (/home/gsehrlich/texmf/tex/latex/url/url.sty
\Urlmuskip=\muskip10
Package: url 2013/09/16  ver 3.4  Verb mode for urls, etc.
)
(/usr/share/texlive/texmf-dist/tex/latex/graphics/graphicx.sty
Package: graphicx 1999/02/16 v1.0f Enhanced LaTeX Graphics (DPC,SPQR)

(/usr/share/texlive/texmf-dist/tex/latex/graphics/graphics.sty
Package: graphics 2009/02/05 v1.0o Standard LaTeX Graphics (DPC,SPQR)

(/usr/share/texlive/texmf-dist/tex/latex/graphics/trig.sty
Package: trig 1999/03/16 v1.09 sin cos tan (DPC)
)
(/usr/share/texlive/texmf-dist/tex/latex/latexconfig/graphics.cfg
File: graphics.cfg 2010/04/23 v1.9 graphics configuration of TeX Live
)
Package graphics Info: Driver file: pdftex.def on input line 91.

(/usr/share/texlive/texmf-dist/tex/latex/pdftex-def/pdftex.def
File: pdftex.def 2011/05/27 v0.06d Graphics/color for pdfTeX

(/usr/share/texlive/texmf-dist/tex/generic/oberdiek/infwarerr.sty
Package: infwarerr 2010/04/08 v1.3 Providing info/warning/error messages (HO)
)
(/usr/share/texlive/texmf-dist/tex/generic/oberdiek/ltxcmds.sty
Package: ltxcmds 2011/11/09 v1.22 LaTeX kernel commands for general use (HO)
)
\Gread@gobject=\count94
))
\Gin@req@height=\dimen103
\Gin@req@width=\dimen104
)
(/home/gsehrlich/texmf/tex/latex/float/float.sty
Package: float 2001/11/08 v1.3d Float enhancements (AL)
\c@float@type=\count95
\float@exts=\toks16
\float@box=\box27
\@float@everytoks=\toks17
\@floatcapt=\box28
) (./notebook.aux)
\openout1 = `notebook.aux'.

LaTeX Font Info:    Checking defaults for OML/cmm/m/it on input line 7.
LaTeX Font Info:    ... okay on input line 7.
LaTeX Font Info:    Checking defaults for T1/cmr/m/n on input line 7.
LaTeX Font Info:    ... okay on input line 7.
LaTeX Font Info:    Checking defaults for OT1/cmr/m/n on input line 7.
LaTeX Font Info:    ... okay on input line 7.
LaTeX Font Info:    Checking defaults for OMS/cmsy/m/n on input line 7.
LaTeX Font Info:    ... okay on input line 7.
LaTeX Font Info:    Checking defaults for OMX/cmex/m/n on input line 7.
LaTeX Font Info:    ... okay on input line 7.
LaTeX Font Info:    Checking defaults for U/cmr/m/n on input line 7.
LaTeX Font Info:    ... okay on input line 7.

(/usr/share/texlive/texmf-dist/tex/context/base/supp-pdf.mkii
[Loading MPS to PDF converter (version 2006.09.02).]
\scratchcounter=\count96
\scratchdimen=\dimen105
\scratchbox=\box29
\nofMPsegments=\count97
\nofMParguments=\count98
\everyMPshowfont=\toks18
\MPscratchCnt=\count99
\MPscratchDim=\dimen106
\MPnumerator=\count100
\makeMPintoPDFobject=\count101
\everyMPtoPDFconversion=\toks19
) (/usr/share/texlive/texmf-dist/tex/generic/oberdiek/pdftexcmds.sty
Package: pdftexcmds 2011/11/29 v0.20 Utility functions of pdfTeX for LuaTeX (HO
)

(/usr/share/texlive/texmf-dist/tex/generic/oberdiek/ifluatex.sty
Package: ifluatex 2010/03/01 v1.3 Provides the ifluatex switch (HO)
Package ifluatex Info: LuaTeX not detected.
)
(/usr/share/texlive/texmf-dist/tex/generic/oberdiek/ifpdf.sty
Package: ifpdf 2011/01/30 v2.3 Provides the ifpdf switch (HO)
Package ifpdf Info: pdfTeX in PDF mode is detected.
)
Package pdftexcmds Info: LuaTeX not detected.
Package pdftexcmds Info: \pdf@primitive is available.
Package pdftexcmds Info: \pdf@ifprimitive is available.
Package pdftexcmds Info: \pdfdraftmode found.
)
(/usr/share/texlive/texmf-dist/tex/latex/oberdiek/epstopdf-base.sty
Package: epstopdf-base 2010/02/09 v2.5 Base part for package epstopdf

(/usr/share/texlive/texmf-dist/tex/latex/oberdiek/grfext.sty
Package: grfext 2010/08/19 v1.1 Manage graphics extensions (HO)

(/usr/share/texlive/texmf-dist/tex/generic/oberdiek/kvdefinekeys.sty
Package: kvdefinekeys 2011/04/07 v1.3 Define keys (HO)
))
(/usr/share/texlive/texmf-dist/tex/latex/oberdiek/kvoptions.sty
Package: kvoptions 2011/06/30 v3.11 Key value format for package options (HO)

(/usr/share/texlive/texmf-dist/tex/generic/oberdiek/kvsetkeys.sty
Package: kvsetkeys 2012/04/25 v1.16 Key value parser (HO)

(/usr/share/texlive/texmf-dist/tex/generic/oberdiek/etexcmds.sty
Package: etexcmds 2011/02/16 v1.5 Avoid name clashes with e-TeX commands (HO)
Package etexcmds Info: Could not find \expanded.
(etexcmds)             That can mean that you are not using pdfTeX 1.50 or
(etexcmds)             that some package has redefined \expanded.
(etexcmds)             In the latter case, load this package earlier.
)))
Package grfext Info: Graphics extension search list:
(grfext)             [.png,.pdf,.jpg,.mps,.jpeg,.jbig2,.jb2,.PNG,.PDF,.JPG,.JPE
G,.JBIG2,.JB2,.eps]
(grfext)             \AppendGraphicsExtensions on input line 452.

(/usr/share/texlive/texmf-dist/tex/latex/latexconfig/epstopdf-sys.cfg
File: epstopdf-sys.cfg 2010/07/13 v1.3 Configuration of (r)epstopdf for TeX Liv
e
))
LaTeX Font Info:    External font `cmex10' loaded for size
(Font)              <14.4> on input line 12.
LaTeX Font Info:    External font `cmex10' loaded for size
(Font)              <7> on input line 12.

[1



{/var/lib/texmf/fonts/map/pdftex/updmap/pdftex.map}] [2


] (./notebook.toc
[3])
\tf@toc=\write4
\openout4 = `notebook.toc'.

 [4]

Class scrbook Warning: \float@addtolists detected!
(scrbook)              Implementation of \float@addtolist became
(scrbook)              deprecated in KOMA-Script v3.01 2008/11/14 and
(scrbook)              has been replaced by several more flexible
(scrbook)              features of package `tocbasic`.
(scrbook)              Since Version 3.12 support for deprecated
(scrbook)              \float@addtolist interface has been
(scrbook)              restricted to only some of the KOMA-Script
(scrbook)              features and been removed from others.
(scrbook)              Loading of package `scrhack' may help to
(scrbook)              avoid this warning, if you are using a
(scrbook)              a package that still implements the
(scrbook)              deprecated \float@addtolist interface .

[5


] [6


]
Overfull \hbox (11.83223pt too wide) in paragraph at lines 42--43
[]\OT1/cmtt/m/n/10.95 MeasurementItem.DataViewer\OT1/cmr/m/n/10.95 , []\OT1/cmt
t/m/n/10.95 ValveControl.ValveControl\OT1/cmr/m/n/10.95 , []\OT1/cmtt/m/n/10.95
 RotationStage\OT1/cmr/m/n/10.95 , and
 []


Overfull \hbox (3.91306pt too wide) in paragraph at lines 51--52
[]\OT1/cmr/m/n/10.95 Initialized with some-thing named []\OT1/cmtt/m/n/10.95 ke
ithley\OT1/cmr/m/n/10.95 , pre-
 []

[7] [8] [9


] [10


] [11] [12


]
LaTeX Font Info:    External font `cmex10' loaded for size
(Font)              <10.95> on input line 104.
LaTeX Font Info:    External font `cmex10' loaded for size
(Font)              <8> on input line 104.
LaTeX Font Info:    External font `cmex10' loaded for size
(Font)              <6> on input line 104.
 [13] [14


] [15] [16


] [17] [18


]
Overfull \hbox (45.19945pt too wide) in paragraph at lines 122--123
\OT1/cmr/m/n/10.95 ``[]\OT1/cmtt/m/n/10.95 [Error 193] %1 is not a valid Win32 
application\OT1/cmr/m/n/10.95 '', which ac-cord-ing to []\OT1/cmtt/m/n/10.95 se
venforums.com
 []

[19] [20


]
Overfull \hbox (64.26318pt too wide) in paragraph at lines 136--137
[]\OT1/cmr/m/n/10.95 Another thing to re-mem-ber from yes-ter-day: the drivers 
are in e.g. the []\OT1/cmtt/m/n/10.95 C:\Program Files\Thorlabs
 []

[21] [22


] [23] [24


] [25] [26


]
Overfull \hbox (43.31618pt too wide) in paragraph at lines 170--171
[]\OT1/cmr/m/n/10.95 What I'm try-ing to do now is fig-ure out what to do with 
Daniel's []\OT1/cmtt/m/n/10.95 MeasurementItem.DataViewer
 []

[27] [28


]
Overfull \hbox (30.29709pt too wide) in paragraph at lines 174--175
\OT1/cmr/m/n/10.95 I'm run-ning into what-[]\OT1/cmtt/m/n/10.95 import\OT1/cmr/
m/n/10.95 s-to-keep ques-tions and I fig-ured out what Daniel's []\OT1/cmtt/m/n
/10.95 WorkerThread
 []

[29] [30


]
Overfull \hbox (3.22507pt too wide) in paragraph at lines 192--193
[][]\OT1/cmtt/m/n/10.95 'ChopperController' object has no attribute 'chopper'\O
T1/cmr/m/n/10.95 , in ref-er-ence to the
 []


Overfull \hbox (55.47006pt too wide) in paragraph at lines 192--193
[]\OT1/cmtt/m/n/10.95 ChopperController.__init__ \OT1/cmr/m/n/10.95 was never b
e-ing called. I tried mov-ing []\OT1/cmtt/m/n/10.95 DeviceStream.start()
 []


Overfull \hbox (37.56407pt too wide) in paragraph at lines 193--194
[][]\OT1/cmtt/m/n/10.95 RuntimeError: super-class __init__() of type DeviceStre
am was never called\OT1/cmr/m/n/10.95 ,
 []

LaTeX Font Info:    Try loading font information for OMS+cmr on input line 200.

(/usr/share/texlive/texmf-dist/tex/latex/base/omscmr.fd
File: omscmr.fd 1999/05/25 v2.5h Standard LaTeX font definitions
)
LaTeX Font Info:    Font shape `OMS/cmr/m/n' in size <10.95> not available
(Font)              Font shape `OMS/cmsy/m/n' tried instead on input line 200.
 [31] [32] [33


]
[34


] [35] [36


] [37] [38


] [39] [40


]
Overfull \hbox (122.87456pt too wide) in paragraph at lines 250--251
\OT1/cmr/m/n/10.95 KReadme.htm. Spec-ify this di-rec-tory as a []\OT1/cmtt/m/n/
10.95 char* \OT1/cmr/m/n/10.95 us-ing []\OT1/cmtt/m/n/10.95 dir = ctypes.c_char
_p("C://directory//here")\OT1/cmr/m/n/10.95 . 
 []


Overfull \hbox (81.75159pt too wide) in paragraph at lines 253--254
\OT1/cmr/m/n/10.95 you'll call. Then get the se-rial num-ber by call-ing []\OT1
/cmtt/m/n/10.95 lib.GetCameraSerialNumber(ctypes.byref(n))\OT1/cmr/m/n/10.95 .
 []

[41]
Overfull \hbox (8.27788pt too wide) in paragraph at lines 273--274
[]\OT1/cmr/m/n/10.95 Maybe open the dll in De-pen-dency Walker, to cross-refere
nce against ATMCD32D.H. 
 []

[42] [43] [44


]
Overfull \hbox (0.96585pt too wide) in paragraph at lines 295--296
[]\OT1/cmr/m/n/10.95 I'm back at work on in-ter-fac-ing with the cam-eras. I fi
g-ured out the 20068 ([]\OT1/cmtt/m/n/10.95 P3_INVALID\OT1/cmr/m/n/10.95 )
 []

[45] [46


] [47] [48


] [49] [50


] [51] [52


]
<chopped_spectrum.png, id=179, 1140.51094pt x 399.74344pt>
File: chopped_spectrum.png Graphic file (type png)

<use chopped_spectrum.png>
Package pdftex.def Info: chopped_spectrum.png used on input line 342.
(pdftex.def)             Requested size: 418.25555pt x 146.59743pt.

Overfull \hbox (30.89453pt too wide) in paragraph at lines 352--367
 [][] 
 []

[53 <./chopped_spectrum.png>] [54] [55] [56


] [57] [58


]
Overfull \hbox (14.7846pt too wide) in paragraph at lines 418--419
\OT1/cmr/m/n/10.95 into the []\OT1/cmtt/m/n/10.95 Python27/Lib/site-packages \O
T1/cmr/m/n/10.95 folder con-tain-ing paths to add to []\OT1/cmtt/m/n/10.95 PYTH
ONPATH\OT1/cmr/m/n/10.95 ,
 []


Overfull \hbox (35.04277pt too wide) in paragraph at lines 420--422
[]\OT1/cmr/m/n/10.95 Ctypes uses []\OT1/cmtt/m/n/10.95 __getattr__ \OT1/cmr/m/n
/10.95 to get func-tions from the for-eign li-brary, not []\OT1/cmtt/m/n/10.95 
__getattribute__\OT1/cmr/m/n/10.95 . 
 []

[59] [60


] [61] [62


]
Overfull \hbox (120.23482pt too wide) in paragraph at lines 436--437
\OT1/cmr/m/n/10.95 ROR SOME-WHERE SOONER: []\OT1/cmtt/m/n/10.95 __import__() ar
gument 1 must be string without null bytes, not str\OT1/cmr/m/n/10.95 .
 []

[63] (./notebook.aux) ) 
Here is how much of TeX's memory you used:
 3345 strings out of 495028
 53745 string characters out of 6181497
 181345 words of memory out of 5000000
 6523 multiletter control sequences out of 15000+600000
 9360 words of font info for 33 fonts, out of 8000000 for 9000
 14 hyphenation exceptions out of 8191
 47i,9n,48p,1112b,271s stack positions out of 5000i,500n,10000p,200000b,80000s
</usr/share/texlive/texmf-dist/fonts/type1/public/amsfon
ts/cm/cmbx10.pfb></usr/share/texlive/texmf-dist/fonts/type1/public/amsfonts/cm/
cmmi10.pfb></usr/share/texlive/texmf-dist/fonts/type1/public/amsfonts/cm/cmmi8.
pfb></usr/share/texlive/texmf-dist/fonts/type1/public/amsfonts/cm/cmr10.pfb></u
sr/share/texlive/texmf-dist/fonts/type1/public/amsfonts/cm/cmr12.pfb></usr/shar
e/texlive/texmf-dist/fonts/type1/public/amsfonts/cm/cmr8.pfb></usr/share/texliv
e/texmf-dist/fonts/type1/public/amsfonts/cm/cmsl10.pfb></usr/share/texlive/texm
f-dist/fonts/type1/public/amsfonts/cm/cmssbx10.pfb></usr/share/texlive/texmf-di
st/fonts/type1/public/amsfonts/cm/cmsy10.pfb></usr/share/texlive/texmf-dist/fon
ts/type1/public/amsfonts/cm/cmsy8.pfb></usr/share/texlive/texmf-dist/fonts/type
1/public/amsfonts/cm/cmti10.pfb></usr/share/texlive/texmf-dist/fonts/type1/publ
ic/amsfonts/cm/cmtt10.pfb>
Output written on notebook.pdf (63 pages, 461959 bytes).
PDF statistics:
 257 PDF objects out of 1000 (max. 8388607)
 177 compressed objects within 2 object streams
 0 named destinations out of 1000 (max. 500000)
 6 words of extra memory for PDF output out of 10000 (max. 10000000)

